<?xml version="1.0" encoding="UTF-8"?>
<testsuite xmlns:xsi="http://www.w3.org/2001/XMLSchema-instance" xsi:noNamespaceSchemaLocation="https://maven.apache.org/surefire/maven-surefire-plugin/xsd/surefire-test-report.xsd" name="com.everis.everismpeclipse.AppTest" time="0.04" tests="1" errors="0" skipped="0" failures="0">
  <properties>
    <property name="java.specification.version" value="14"/>
    <property name="sun.cpu.isalist" value="amd64"/>
    <property name="sun.jnu.encoding" value="Cp1252"/>
    <property name="java.class.path" value="C:\Users\piero\eclipse-workspace\everismpeclipse\target\test-classes;C:\Users\piero\eclipse-workspace\everismpeclipse\target\classes;C:\Users\piero\.m2\repository\junit\junit\4.11\junit-4.11.jar;C:\Users\piero\.m2\repository\org\hamcrest\hamcrest-core\1.3\hamcrest-core-1.3.jar;C:\Users\piero\.m2\repository\org\apache\commons\commons-lang3\3.12.0\commons-lang3-3.12.0.jar;C:\Users\piero\.m2\repository\org\apache\camel\camel-ftp\3.12.0\camel-ftp-3.12.0.jar;C:\Users\piero\.m2\repository\org\apache\camel\camel-file\3.12.0\camel-file-3.12.0.jar;C:\Users\piero\.m2\repository\org\apache\camel\camel-support\3.12.0\camel-support-3.12.0.jar;C:\Users\piero\.m2\repository\org\apache\camel\camel-management-api\3.12.0\camel-management-api-3.12.0.jar;C:\Users\piero\.m2\repository\org\apache\camel\camel-util\3.12.0\camel-util-3.12.0.jar;C:\Users\piero\.m2\repository\org\apache\camel\camel-cluster\3.12.0\camel-cluster-3.12.0.jar;C:\Users\piero\.m2\repository\org\apache\camel\camel-base-engine\3.12.0\camel-base-engine-3.12.0.jar;C:\Users\piero\.m2\repository\org\apache\camel\camel-base\3.12.0\camel-base-3.12.0.jar;C:\Users\piero\.m2\repository\org\apache\camel\camel-core-model\3.12.0\camel-core-model-3.12.0.jar;C:\Users\piero\.m2\repository\org\apache\camel\camel-core-processor\3.12.0\camel-core-processor-3.12.0.jar;C:\Users\piero\.m2\repository\org\apache\camel\camel-core-catalog\3.12.0\camel-core-catalog-3.12.0.jar;C:\Users\piero\.m2\repository\org\apache\camel\camel-api\3.12.0\camel-api-3.12.0.jar;C:\Users\piero\.m2\repository\org\apache\camel\camel-tooling-model\3.12.0\camel-tooling-model-3.12.0.jar;C:\Users\piero\.m2\repository\org\apache\camel\camel-util-json\3.12.0\camel-util-json-3.12.0.jar;C:\Users\piero\.m2\repository\org\slf4j\slf4j-api\1.7.30\slf4j-api-1.7.30.jar;C:\Users\piero\.m2\repository\com\jcraft\jsch\0.1.55\jsch-0.1.55.jar;C:\Users\piero\.m2\repository\commons-net\commons-net\3.8.0\commons-net-3.8.0.jar;"/>
    <property name="java.vm.vendor" value="Oracle Corporation"/>
    <property name="sun.arch.data.model" value="64"/>
    <property name="user.variant" value=""/>
    <property name="java.vendor.url" value="https://java.oracle.com/"/>
    <property name="user.timezone" value="Europe/Madrid"/>
    <property name="os.name" value="Windows 10"/>
    <property name="java.vm.specification.version" value="14"/>
    <property name="sun.java.launcher" value="SUN_STANDARD"/>
    <property name="user.country" value="ES"/>
    <property name="sun.boot.library.path" value="C:\Program Files\Java\jdk-14.0.1\bin"/>
    <property name="sun.java.command" value="C:\Users\piero\AppData\Local\Temp\surefire4938833590283870244\surefirebooter6920054841034234139.jar C:\Users\piero\AppData\Local\Temp\surefire4938833590283870244 2021-10-25T10-33-06_125-jvmRun1 surefire9375530891060550858tmp surefire_03824491301216188283tmp"/>
    <property name="jdk.debug" value="release"/>
    <property name="surefire.test.class.path" value="C:\Users\piero\eclipse-workspace\everismpeclipse\target\test-classes;C:\Users\piero\eclipse-workspace\everismpeclipse\target\classes;C:\Users\piero\.m2\repository\junit\junit\4.11\junit-4.11.jar;C:\Users\piero\.m2\repository\org\hamcrest\hamcrest-core\1.3\hamcrest-core-1.3.jar;C:\Users\piero\.m2\repository\org\apache\commons\commons-lang3\3.12.0\commons-lang3-3.12.0.jar;C:\Users\piero\.m2\repository\org\apache\camel\camel-ftp\3.12.0\camel-ftp-3.12.0.jar;C:\Users\piero\.m2\repository\org\apache\camel\camel-file\3.12.0\camel-file-3.12.0.jar;C:\Users\piero\.m2\repository\org\apache\camel\camel-support\3.12.0\camel-support-3.12.0.jar;C:\Users\piero\.m2\repository\org\apache\camel\camel-management-api\3.12.0\camel-management-api-3.12.0.jar;C:\Users\piero\.m2\repository\org\apache\camel\camel-util\3.12.0\camel-util-3.12.0.jar;C:\Users\piero\.m2\repository\org\apache\camel\camel-cluster\3.12.0\camel-cluster-3.12.0.jar;C:\Users\piero\.m2\repository\org\apache\camel\camel-base-engine\3.12.0\camel-base-engine-3.12.0.jar;C:\Users\piero\.m2\repository\org\apache\camel\camel-base\3.12.0\camel-base-3.12.0.jar;C:\Users\piero\.m2\repository\org\apache\camel\camel-core-model\3.12.0\camel-core-model-3.12.0.jar;C:\Users\piero\.m2\repository\org\apache\camel\camel-core-processor\3.12.0\camel-core-processor-3.12.0.jar;C:\Users\piero\.m2\repository\org\apache\camel\camel-core-catalog\3.12.0\camel-core-catalog-3.12.0.jar;C:\Users\piero\.m2\repository\org\apache\camel\camel-api\3.12.0\camel-api-3.12.0.jar;C:\Users\piero\.m2\repository\org\apache\camel\camel-tooling-model\3.12.0\camel-tooling-model-3.12.0.jar;C:\Users\piero\.m2\repository\org\apache\camel\camel-util-json\3.12.0\camel-util-json-3.12.0.jar;C:\Users\piero\.m2\repository\org\slf4j\slf4j-api\1.7.30\slf4j-api-1.7.30.jar;C:\Users\piero\.m2\repository\com\jcraft\jsch\0.1.55\jsch-0.1.55.jar;C:\Users\piero\.m2\repository\commons-net\commons-net\3.8.0\commons-net-3.8.0.jar;"/>
    <property name="sun.cpu.endian" value="little"/>
    <property name="user.home" value="C:\Users\piero"/>
    <property name="user.language" value="es"/>
    <property name="java.specification.vendor" value="Oracle Corporation"/>
    <property name="java.version.date" value="2020-04-14"/>
    <property name="java.home" value="C:\Program Files\Java\jdk-14.0.1"/>
    <property name="file.separator" value="\"/>
    <property name="basedir" value="C:\Users\piero\eclipse-workspace\everismpeclipse"/>
    <property name="java.vm.compressedOopsMode" value="Zero based"/>
    <property name="line.separator" value="&#10;"/>
    <property name="java.vm.specification.vendor" value="Oracle Corporation"/>
    <property name="java.specification.name" value="Java Platform API Specification"/>
    <property name="surefire.real.class.path" value="C:\Users\piero\AppData\Local\Temp\surefire4938833590283870244\surefirebooter6920054841034234139.jar"/>
    <property name="user.script" value=""/>
    <property name="sun.management.compiler" value="HotSpot 64-Bit Tiered Compilers"/>
    <property name="java.runtime.version" value="14.0.1+7"/>
    <property name="user.name" value="piero"/>
    <property name="path.separator" value=";"/>
    <property name="os.version" value="10.0"/>
    <property name="java.runtime.name" value="Java(TM) SE Runtime Environment"/>
    <property name="file.encoding" value="Cp1252"/>
    <property name="java.vm.name" value="Java HotSpot(TM) 64-Bit Server VM"/>
    <property name="localRepository" value="C:\Users\piero\.m2\repository"/>
    <property name="java.vendor.url.bug" value="https://bugreport.java.com/bugreport/"/>
    <property name="java.io.tmpdir" value="C:\Users\piero\AppData\Local\Temp\"/>
    <property name="java.version" value="14.0.1"/>
    <property name="user.dir" value="C:\Users\piero\eclipse-workspace\everismpeclipse"/>
    <property name="os.arch" value="amd64"/>
    <property name="java.vm.specification.name" value="Java Virtual Machine Specification"/>
    <property name="sun.os.patch.level" value=""/>
    <property name="java.library.path" value="C:\Program Files\Java\jdk-14.0.1\bin;C:\WINDOWS\Sun\Java\bin;C:\WINDOWS\system32;C:\WINDOWS;C:/Program Files/Java/jdk-14.0.1/bin/server;C:/Program Files/Java/jdk-14.0.1/bin;C:/Users/piero/AppData/Local/Temp/eoi62C9.tmp//plugins/org.eclipse.justj.openjdk.hotspot.jre.minimal.stripped.win32.x86_64_16.0.2.v20210721-1149/jre/bin/server;C:/Users/piero/AppData/Local/Temp/eoi62C9.tmp//plugins/org.eclipse.justj.openjdk.hotspot.jre.minimal.stripped.win32.x86_64_16.0.2.v20210721-1149/jre/bin;C:\Program Files (x86)\Google\Chrome\Application;C:\Program Files (x86)\Common Files\Oracle\Java\javapath;C:\Program Files (x86)\Intel\iCLS Client\;C:\Program Files\Intel\iCLS Client\;C:\Windows\system32;C:\Windows;C:\Windows\System32\Wbem;C:\Windows\System32\WindowsPowerShell\v1.0\;C:\Program Files (x86)\Intel\Intel(R) Management Engine Components\DAL;C:\Program Files\Intel\Intel(R) Management Engine Components\DAL;C:\Program Files (x86)\Intel\Intel(R) Management Engine Components\IPT;C:\Program Files\Intel\Intel(R) Management Engine Components\IPT;C:\WINDOWS\system32;C:\WINDOWS;C:\WINDOWS\System32\Wbem;C:\WINDOWS\System32\WindowsPowerShell\v1.0\;C:\WINDOWS\System32\OpenSSH\;C:\Program Files\NVIDIA Corporation\NVIDIA NvDLISR;E:\Git\cmd;C:\Program Files\nodejs\;C:\Program Files (x86)\NVIDIA Corporation\PhysX\Common;E:\Program Files\AutoFirma\AutoFirma;C:\WINDOWS\system32;C:\WINDOWS;C:\WINDOWS\System32\Wbem;C:\WINDOWS\System32\WindowsPowerShell\v1.0\;C:\WINDOWS\System32\OpenSSH\;C:\Program Files\Microsoft SQL Server\130\Tools\Binn\;C;C:\Program Files\dotnet\;C:\Program Files\Microsoft SQL Server\Client SDK\ODBC\170\Tools\Binn\;C:\Users\piero\AppData\Local\Microsoft\WindowsApps;C:\Program Files\NetBeans-11.2\netbeans\bin;;E:\Apowersoft Screen Recorder Temp\Microsoft VS Code\bin;C:\Users\piero\AppData\Roaming\npm;C:\Users\piero\.dotnet\tools;E:\descargas;;E:\descargas;;."/>
    <property name="java.vm.info" value="mixed mode, sharing"/>
    <property name="java.vendor" value="Oracle Corporation"/>
    <property name="java.vm.version" value="14.0.1+7"/>
    <property name="sun.io.unicode.encoding" value="UnicodeLittle"/>
    <property name="java.class.version" value="58.0"/>
  </properties>
  <testcase name="shouldAnswerWithTrue" classname="com.everis.everismpeclipse.AppTest" time="0.003"/>
</testsuite>